<?xml version="1.0" encoding="UTF-8"?>
<testng-results skipped="0" failed="0" total="1" passed="1">
  <reporter-output>
  </reporter-output>
  <suite name="Default suite" duration-ms="35" started-at="2018-05-24T16:43:00Z" finished-at="2018-05-24T16:43:00Z">
    <groups>
    </groups>
    <test name="Default test" duration-ms="35" started-at="2018-05-24T16:43:00Z" finished-at="2018-05-24T16:43:00Z">
      <class name="com.scoopen.java.TestRandomEmailGenerator">
        <test-method status="PASS" signature="testEmailGenerator()[pri:0, instance:com.scoopen.java.TestRandomEmailGenerator@153f5a29]" name="testEmailGenerator" duration-ms="16" started-at="2018-05-24T22:13:00Z" finished-at="2018-05-24T22:13:00Z">
          <reporter-output>
          </reporter-output>
        </test-method> <!-- testEmailGenerator -->
      </class> <!-- com.scoopen.java.TestRandomEmailGenerator -->
    </test> <!-- Default test -->
  </suite> <!-- Default suite -->
</testng-results>
